[2026-04-04T01:47:53.270Z] Update request started for User ID: 69d04f6a62f6dbbca1baf836
[2026-04-04T01:47:53.271Z] Body: {"name":"amine ben salah","email":"aminebensalah@gmail.com","phone":"93578214","address":"avenue hebib bourguiba"}
[2026-04-04T01:47:53.272Z] File: 1775267273264-41d3856e-5198-4017-a3b3-96cb07c1bc76.jpg
[2026-04-04T01:47:53.273Z] Setting image to: 1775267273264-41d3856e-5198-4017-a3b3-96cb07c1bc76.jpg
[2026-04-04T01:47:53.278Z] Email changed from amine@gmail.com to aminebensalah@gmail.com. Checking uniqueness...
[2026-04-04T01:47:53.283Z] Ready to update user 69d04f6a62f6dbbca1baf836 with data: {"name":"amine ben salah","email":"aminebensalah@gmail.com","phone":"93578214","address":"avenue hebib bourguiba","image":"1775267273264-41d3856e-5198-4017-a3b3-96cb07c1bc76.jpg"}
[2026-04-04T01:47:53.298Z] Update successful for user 69d04f6a62f6dbbca1baf836
[2026-04-04T01:49:28.604Z] Update request started for User ID: 69d04f6a62f6dbbca1baf836
[2026-04-04T01:49:28.605Z] Body: {"name":"amine ben salah","email":"aminebensalah@gmail.com","phone":"93578214","address":"avenue hebib bourguiba"}
[2026-04-04T01:49:28.605Z] File: 1775267368602-homme.jpg
[2026-04-04T01:49:28.606Z] Setting image to: 1775267368602-homme.jpg
[2026-04-04T01:49:28.610Z] Ready to update user 69d04f6a62f6dbbca1baf836 with data: {"name":"amine ben salah","email":"aminebensalah@gmail.com","phone":"93578214","address":"avenue hebib bourguiba","image":"1775267368602-homme.jpg"}
[2026-04-04T01:49:28.615Z] Update successful for user 69d04f6a62f6dbbca1baf836
[2026-04-04T02:51:51.467Z] Update request started for User ID: 69d0736944d67e5098e22e0e
[2026-04-04T02:51:51.469Z] Body: {"name":"bader styti","email":"bader2347@gmail.com"}
[2026-04-04T02:51:51.470Z] File: 1775271111464-homme.jpg
[2026-04-04T02:51:51.470Z] Setting image to: 1775271111464-homme.jpg
[2026-04-04T02:51:51.474Z] Ready to update user 69d0736944d67e5098e22e0e with data: {"name":"bader styti","email":"bader2347@gmail.com","image":"1775271111464-homme.jpg"}
[2026-04-04T02:51:51.482Z] Update successful for user 69d0736944d67e5098e22e0e
[2026-04-04T03:34:35.547Z] Update request started for User ID: 69d0736944d67e5098e22e0e
[2026-04-04T03:34:35.552Z] Body: {"name":"bader styti","email":"bader2347@gmail.com","address":"mahdia"}
[2026-04-04T03:34:35.553Z] File: No file
[2026-04-04T03:34:35.556Z] Ready to update user 69d0736944d67e5098e22e0e with data: {"name":"bader styti","email":"bader2347@gmail.com","address":"mahdia"}
[2026-04-04T03:34:35.563Z] Update successful for user 69d0736944d67e5098e22e0e
[2026-04-04T21:35:41.957Z] Update request started for User ID: 6988bd695bba8d664edccf57
[2026-04-04T21:35:41.959Z] Body: {"name":"l'admin","email":"admin@gmail.com","phone":"92899311","address":"mahdia"}
[2026-04-04T21:35:41.961Z] File: No file
[2026-04-04T21:35:41.968Z] Ready to update user 6988bd695bba8d664edccf57 with data: {"name":"l'admin","email":"admin@gmail.com","phone":"92899311","address":"mahdia"}
[2026-04-04T21:35:41.976Z] Update successful for user 6988bd695bba8d664edccf57
[2026-04-11T17:25:53.928Z] Update request started for User ID: 69b9426049d705fd391978ff
[2026-04-11T17:25:53.931Z] Body: {"name":"mohsen","email":"mohsen92513@gmail.com","address":"sfax"}
[2026-04-11T17:25:53.932Z] File: 1775928353917-em.jpg
[2026-04-11T17:25:53.934Z] Setting image to: 1775928353917-em.jpg
[2026-04-11T17:25:53.938Z] Ready to update user 69b9426049d705fd391978ff with data: {"name":"mohsen","email":"mohsen92513@gmail.com","address":"sfax","image":"1775928353917-em.jpg"}
[2026-04-11T17:25:53.952Z] Update successful for user 69b9426049d705fd391978ff
